0 info it worked if it ends with ok
1 verbose cli [ '/usr/local/bin/node',
1 verbose cli   '/usr/local/bin/npm',
1 verbose cli   'run',
1 verbose cli   'server-test' ]
2 info using npm@3.3.12
3 info using node@v5.4.1
4 verbose run-script [ 'preserver-test', 'server-test', 'postserver-test' ]
5 info lifecycle sistemauto@0.0.0~preserver-test: sistemauto@0.0.0
6 silly lifecycle sistemauto@0.0.0~preserver-test: no script for preserver-test, continuing
7 info lifecycle sistemauto@0.0.0~server-test: sistemauto@0.0.0
8 verbose lifecycle sistemauto@0.0.0~server-test: unsafe-perm in lifecycle true
9 verbose lifecycle sistemauto@0.0.0~server-test: PATH: /usr/local/lib/node_modules/npm/bin/node-gyp-bin:/home/juliol/sistemauto/node_modules/.bin:/usr/local/sbin:/usr/local/bin:/usr/sbin:/usr/bin:/sbin:/bin:/usr/games:/usr/local/games:/usr/lib/jvm/java-7-oracle/bin:/usr/lib/jvm/java-7-oracle/db/bin:/usr/lib/jvm/java-7-oracle/jre/bin:/home/juliol/Dev/android-sdk-linux/tools
10 verbose lifecycle sistemauto@0.0.0~server-test: CWD: /home/juliol/sistemauto
11 silly lifecycle sistemauto@0.0.0~server-test: Args: [ '-c',
11 silly lifecycle   'NODE_ENV=test ./node_modules/mocha/bin/mocha test/**/*.js' ]
12 silly lifecycle sistemauto@0.0.0~server-test: Returned: code: 1  signal: null
13 info lifecycle sistemauto@0.0.0~server-test: Failed to exec server-test script
14 verbose stack Error: sistemauto@0.0.0 server-test: `NODE_ENV=test ./node_modules/mocha/bin/mocha test/**/*.js`
14 verbose stack Exit status 1
14 verbose stack     at EventEmitter.<anonymous> (/usr/local/lib/node_modules/npm/lib/utils/lifecycle.js:232:16)
14 verbose stack     at emitTwo (events.js:87:13)
14 verbose stack     at EventEmitter.emit (events.js:172:7)
14 verbose stack     at ChildProcess.<anonymous> (/usr/local/lib/node_modules/npm/lib/utils/spawn.js:24:14)
14 verbose stack     at emitTwo (events.js:87:13)
14 verbose stack     at ChildProcess.emit (events.js:172:7)
14 verbose stack     at maybeClose (internal/child_process.js:821:16)
14 verbose stack     at Process.ChildProcess._handle.onexit (internal/child_process.js:211:5)
15 verbose pkgid sistemauto@0.0.0
16 verbose cwd /home/juliol/sistemauto
17 error Linux 4.2.0-22-generic
18 error argv "/usr/local/bin/node" "/usr/local/bin/npm" "run" "server-test"
19 error node v5.4.1
20 error npm  v3.3.12
21 error code ELIFECYCLE
22 error sistemauto@0.0.0 server-test: `NODE_ENV=test ./node_modules/mocha/bin/mocha test/**/*.js`
22 error Exit status 1
23 error Failed at the sistemauto@0.0.0 server-test script 'NODE_ENV=test ./node_modules/mocha/bin/mocha test/**/*.js'.
23 error Make sure you have the latest version of node.js and npm installed.
23 error If you do, this is most likely a problem with the sistemauto package,
23 error not with npm itself.
23 error Tell the author that this fails on your system:
23 error     NODE_ENV=test ./node_modules/mocha/bin/mocha test/**/*.js
23 error You can get their info via:
23 error     npm owner ls sistemauto
23 error There is likely additional logging output above.
24 verbose exit [ 1, true ]
